\BOOKMARK [0][-]{chapter.1}{Graph}{}% 1
\BOOKMARK [1][-]{section.1.1}{MaximumBipartiteMatching}{chapter.1}% 2
\BOOKMARK [1][-]{section.1.2}{Math}{chapter.1}% 3
\BOOKMARK [0][-]{chapter.2}{Matematicas}{}% 4
\BOOKMARK [1][-]{section.2.1}{Ecuaciones}{chapter.2}% 5
\BOOKMARK [1][-]{section.2.2}{Recurrencias}{chapter.2}% 6
\BOOKMARK [1][-]{section.2.3}{Trigonometria}{chapter.2}% 7
\BOOKMARK [1][-]{section.2.4}{Geometria}{chapter.2}% 8
\BOOKMARK [1][-]{section.2.5}{Derivadas e Integrales}{chapter.2}% 9
\BOOKMARK [1][-]{section.2.6}{Sumas}{chapter.2}% 10
\BOOKMARK [1][-]{section.2.7}{Series}{chapter.2}% 11
\BOOKMARK [1][-]{section.2.8}{Cadenas de Markov}{chapter.2}% 12
\BOOKMARK [0][-]{chapter.3}{Data structures}{}% 13
\BOOKMARK [0][-]{chapter.4}{Numerical}{}% 14
\BOOKMARK [1][-]{section.4.1}{Polynomials and recurrences}{chapter.4}% 15
\BOOKMARK [1][-]{section.4.2}{Matrices}{chapter.4}% 16
\BOOKMARK [0][-]{chapter.5}{Number theory}{}% 17
\BOOKMARK [1][-]{section.5.1}{Modular arithmetic}{chapter.5}% 18
\BOOKMARK [1][-]{section.5.2}{Primality}{chapter.5}% 19
\BOOKMARK [1][-]{section.5.3}{Divisibility}{chapter.5}% 20
\BOOKMARK [1][-]{section.5.4}{Ternas Pitagoricas}{chapter.5}% 21
\BOOKMARK [1][-]{section.5.5}{Primos}{chapter.5}% 22
\BOOKMARK [1][-]{section.5.6}{Estimates}{chapter.5}% 23
\BOOKMARK [0][-]{chapter.6}{Combinatorial}{}% 24
\BOOKMARK [1][-]{section.6.1}{Permutations}{chapter.6}% 25
\BOOKMARK [1][-]{section.6.2}{Partitions and subsets}{chapter.6}% 26
\BOOKMARK [1][-]{section.6.3}{General purpose numbers}{chapter.6}% 27
\BOOKMARK [0][-]{chapter.7}{Geometry}{}% 28
\BOOKMARK [1][-]{section.7.1}{Geometric primitives}{chapter.7}% 29
\BOOKMARK [1][-]{section.7.2}{Polygons}{chapter.7}% 30
\BOOKMARK [0][-]{chapter.8}{Strings}{}% 31
\BOOKMARK [0][-]{chapter.9}{Others}{}% 32
\BOOKMARK [0][-]{chapter.10}{Y si no ac?}{}% 33
