This is pdfTeX, Version 3.14159265-2.6-1.40.20 (MiKTeX 2.9.7000 64-bit) (preloaded format=pdflatex 2019.3.29)  4 NOV 2019 16:01
entering extended mode
**./URJC.tex
(URJC.tex
LaTeX2e <2018-12-01>
("C:\Users\Isaac\AppData\Local\Programs\MiKTeX 2.9\tex/latex/base\report.cls"
Document Class: report 2018/09/03 v1.4i Standard LaTeX document class
("C:\Users\Isaac\AppData\Local\Programs\MiKTeX 2.9\tex/latex/base\size10.clo"
File: size10.clo 2018/09/03 v1.4i Standard LaTeX file (size option)
)
\c@part=\count80
\c@chapter=\count81
\c@section=\count82
\c@subsection=\count83
\c@subsubsection=\count84
\c@paragraph=\count85
\c@subparagraph=\count86
\c@figure=\count87
\c@table=\count88
\abovecaptionskip=\skip41
\belowcaptionskip=\skip42
\bibindent=\dimen102
) (kactlpkg.sty
Package: kactlpkg 

("C:\Users\Isaac\AppData\Local\Programs\MiKTeX 2.9\tex/latex/base\inputenc.sty"
Package: inputenc 2018/08/11 v1.3c Input encoding file
\inpenc@prehook=\toks14
\inpenc@posthook=\toks15
)
("C:\Users\Isaac\AppData\Local\Programs\MiKTeX 2.9\tex/latex/listings\listings.
sty"
("C:\Users\Isaac\AppData\Local\Programs\MiKTeX 2.9\tex/latex/graphics\keyval.st
y"
Package: keyval 2014/10/28 v1.15 key=value parser (DPC)
\KV@toks@=\toks16
)
\lst@mode=\count89
\lst@gtempboxa=\box27
\lst@token=\toks17
\lst@length=\count90
\lst@currlwidth=\dimen103
\lst@column=\count91
\lst@pos=\count92
\lst@lostspace=\dimen104
\lst@width=\dimen105
\lst@newlines=\count93
\lst@lineno=\count94
\lst@maxwidth=\dimen106

("C:\Users\Isaac\AppData\Local\Programs\MiKTeX 2.9\tex/latex/listings\lstmisc.s
ty"
File: lstmisc.sty 2019/02/27 1.8b (Carsten Heinz)
\c@lstnumber=\count95
\lst@skipnumbers=\count96
\lst@framebox=\box28
)
("C:\Users\Isaac\AppData\Local\Programs\MiKTeX 2.9\tex/latex/listings\listings.
cfg"
File: listings.cfg 2019/02/27 1.8b listings configuration
))
Package: listings 2019/02/27 1.8b (Carsten Heinz)

("C:\Users\Isaac\AppData\Local\Programs\MiKTeX 2.9\tex/latex/framed\framed.sty"
Package: framed 2011/10/22 v 0.96: framed or shaded text with page breaks
\OuterFrameSep=\skip43
\fb@frw=\dimen107
\fb@frh=\dimen108
\FrameRule=\dimen109
\FrameSep=\dimen110
)
("C:\Users\Isaac\AppData\Local\Programs\MiKTeX 2.9\tex/latex/geometry\geometry.
sty"
Package: geometry 2018/04/16 v5.8 Page Geometry

("C:\Users\Isaac\AppData\Local\Programs\MiKTeX 2.9\tex/generic/oberdiek\ifpdf.s
ty"
Package: ifpdf 2018/09/07 v3.3 Provides the ifpdf switch
)
("C:\Users\Isaac\AppData\Local\Programs\MiKTeX 2.9\tex/generic/oberdiek\ifvtex.
sty"
Package: ifvtex 2016/05/16 v1.6 Detect VTeX and its facilities (HO)
Package ifvtex Info: VTeX not detected.
)
("C:\Users\Isaac\AppData\Local\Programs\MiKTeX 2.9\tex/generic/ifxetex\ifxetex.
sty"
Package: ifxetex 2010/09/12 v0.6 Provides ifxetex conditional
)
\Gm@cnth=\count97
\Gm@cntv=\count98
\c@Gm@tempcnt=\count99
\Gm@bindingoffset=\dimen111
\Gm@wd@mp=\dimen112
\Gm@odd@mp=\dimen113
\Gm@even@mp=\dimen114
\Gm@layoutwidth=\dimen115
\Gm@layoutheight=\dimen116
\Gm@layouthoffset=\dimen117
\Gm@layoutvoffset=\dimen118
\Gm@dimlist=\toks18

("C:\Users\Isaac\AppData\Local\Programs\MiKTeX 2.9\tex/latex/geometry\geometry.
cfg"))
("C:\Users\Isaac\AppData\Local\Programs\MiKTeX 2.9\tex/latex/tools\multicol.sty
"
Package: multicol 2018/12/27 v1.8v multicolumn formatting (FMi)
\c@tracingmulticols=\count100
\mult@box=\box29
\multicol@leftmargin=\dimen119
\c@unbalance=\count101
\c@collectmore=\count102
\doublecol@number=\count103
\multicoltolerance=\count104
\multicolpretolerance=\count105
\full@width=\dimen120
\page@free=\dimen121
\premulticols=\dimen122
\postmulticols=\dimen123
\multicolsep=\skip44
\multicolbaselineskip=\skip45
\partial@page=\box30
\last@line=\box31
\maxbalancingoverflow=\dimen124
\mult@rightbox=\box32
\mult@grightbox=\box33
\mult@gfirstbox=\box34
\mult@firstbox=\box35
\@tempa=\box36
\@tempa=\box37
\@tempa=\box38
\@tempa=\box39
\@tempa=\box40
\@tempa=\box41
\@tempa=\box42
\@tempa=\box43
\@tempa=\box44
\@tempa=\box45
\@tempa=\box46
\@tempa=\box47
\@tempa=\box48
\@tempa=\box49
\@tempa=\box50
\@tempa=\box51
\@tempa=\box52
\c@columnbadness=\count106
\c@finalcolumnbadness=\count107
\last@try=\dimen125
\multicolovershoot=\dimen126
\multicolundershoot=\dimen127
\mult@nat@firstbox=\box53
\colbreak@box=\box54
\mc@col@check@num=\count108
)
("C:\Users\Isaac\AppData\Local\Programs\MiKTeX 2.9\tex/latex/fancyhdr\fancyhdr.
sty"
Package: fancyhdr 2019/01/31 v3.10 Extensive control of page headers and footer
s
\f@nch@headwidth=\skip46
\f@nch@O@elh=\skip47
\f@nch@O@erh=\skip48
\f@nch@O@olh=\skip49
\f@nch@O@orh=\skip50
\f@nch@O@elf=\skip51
\f@nch@O@erf=\skip52
\f@nch@O@olf=\skip53
\f@nch@O@orf=\skip54
)
("C:\Users\Isaac\AppData\Local\Programs\MiKTeX 2.9\tex/latex/amsmath\amsbsy.sty
"
Package: amsbsy 1999/11/29 v1.2d Bold Symbols

("C:\Users\Isaac\AppData\Local\Programs\MiKTeX 2.9\tex/latex/amsmath\amsgen.sty
"
File: amsgen.sty 1999/11/30 v2.0 generic functions
\@emptytoks=\toks19
\ex@=\dimen128
)
\pmbraise@=\dimen129
)
("C:\Users\Isaac\AppData\Local\Programs\MiKTeX 2.9\tex/latex/amsfonts\amssymb.s
ty"
Package: amssymb 2013/01/14 v3.01 AMS font symbols

("C:\Users\Isaac\AppData\Local\Programs\MiKTeX 2.9\tex/latex/amsfonts\amsfonts.
sty"
Package: amsfonts 2013/01/14 v3.01 Basic AMSFonts support
\symAMSa=\mathgroup4
\symAMSb=\mathgroup5
LaTeX Font Info:    Overwriting math alphabet `\mathfrak' in version `bold'
(Font)                  U/euf/m/n --> U/euf/b/n on input line 106.
))
("C:\Users\Isaac\AppData\Local\Programs\MiKTeX 2.9\tex/latex/amsmath\amsmath.st
y"
Package: amsmath 2018/12/01 v2.17b AMS math features
\@mathmargin=\skip55

For additional information on amsmath, use the `?' option.

("C:\Users\Isaac\AppData\Local\Programs\MiKTeX 2.9\tex/latex/amsmath\amstext.st
y"
Package: amstext 2000/06/29 v2.01 AMS text
)
("C:\Users\Isaac\AppData\Local\Programs\MiKTeX 2.9\tex/latex/amsmath\amsopn.sty
"
Package: amsopn 2016/03/08 v2.02 operator names
)
\inf@bad=\count109
LaTeX Info: Redefining \frac on input line 223.
\uproot@=\count110
\leftroot@=\count111
LaTeX Info: Redefining \overline on input line 385.
\classnum@=\count112
\DOTSCASE@=\count113
LaTeX Info: Redefining \ldots on input line 482.
LaTeX Info: Redefining \dots on input line 485.
LaTeX Info: Redefining \cdots on input line 606.
\Mathstrutbox@=\box55
\strutbox@=\box56
\big@size=\dimen130
LaTeX Font Info:    Redeclaring font encoding OML on input line 729.
LaTeX Font Info:    Redeclaring font encoding OMS on input line 730.
\macc@depth=\count114
\c@MaxMatrixCols=\count115
\dotsspace@=\muskip10
\c@parentequation=\count116
\dspbrk@lvl=\count117
\tag@help=\toks20
\row@=\count118
\column@=\count119
\maxfields@=\count120
\andhelp@=\toks21
\eqnshift@=\dimen131
\alignsep@=\dimen132
\tagshift@=\dimen133
\tagwidth@=\dimen134
\totwidth@=\dimen135
\lineht@=\dimen136
\@envbody=\toks22
\multlinegap=\skip56
\multlinetaggap=\skip57
\mathdisplay@stack=\toks23
LaTeX Info: Redefining \[ on input line 2844.
LaTeX Info: Redefining \] on input line 2845.
)
("C:\Users\Isaac\AppData\Local\Programs\MiKTeX 2.9\tex/latex/tocloft\tocloft.st
y"
Package: tocloft 2017/08/31 v2.3i parameterised ToC, etc., typesetting
Package tocloft Info: The document has chapter divisions on input line 51.
\cftparskip=\skip58
\cftbeforetoctitleskip=\skip59
\cftaftertoctitleskip=\skip60
\cftbeforepartskip=\skip61
\cftpartnumwidth=\skip62
\cftpartindent=\skip63
\cftbeforechapskip=\skip64
\cftchapindent=\skip65
\cftchapnumwidth=\skip66
\cftbeforesecskip=\skip67
\cftsecindent=\skip68
\cftsecnumwidth=\skip69
\cftbeforesubsecskip=\skip70
\cftsubsecindent=\skip71
\cftsubsecnumwidth=\skip72
\cftbeforesubsubsecskip=\skip73
\cftsubsubsecindent=\skip74
\cftsubsubsecnumwidth=\skip75
\cftbeforeparaskip=\skip76
\cftparaindent=\skip77
\cftparanumwidth=\skip78
\cftbeforesubparaskip=\skip79
\cftsubparaindent=\skip80
\cftsubparanumwidth=\skip81
\cftbeforeloftitleskip=\skip82
\cftafterloftitleskip=\skip83
\cftbeforefigskip=\skip84
\cftfigindent=\skip85
\cftfignumwidth=\skip86
\c@lofdepth=\count121
\c@lotdepth=\count122
\cftbeforelottitleskip=\skip87
\cftafterlottitleskip=\skip88
\cftbeforetabskip=\skip89
\cfttabindent=\skip90
\cfttabnumwidth=\skip91
)
("C:\Users\Isaac\AppData\Local\Programs\MiKTeX 2.9\tex/latex/titlesec\titletoc.
sty"
Package: titletoc 2011/12/15 v1.6 TOC entries
\ttl@leftsep=\dimen137
)
("C:\Users\Isaac\AppData\Local\Programs\MiKTeX 2.9\tex/latex/base\ifthen.sty"
Package: ifthen 2014/09/29 v1.1c Standard LaTeX ifthen package (DPC)
)
("C:\Users\Isaac\AppData\Local\Programs\MiKTeX 2.9\tex/latex/psnfss\courier.sty
"
Package: courier 2005/04/12 PSNFSS-v9.2a (WaS) 
)
("C:\Users\Isaac\AppData\Local\Programs\MiKTeX 2.9\tex/latex/graphics\graphicx.
sty"
Package: graphicx 2017/06/01 v1.1a Enhanced LaTeX Graphics (DPC,SPQR)

("C:\Users\Isaac\AppData\Local\Programs\MiKTeX 2.9\tex/latex/graphics\graphics.
sty"
Package: graphics 2017/06/25 v1.2c Standard LaTeX Graphics (DPC,SPQR)

("C:\Users\Isaac\AppData\Local\Programs\MiKTeX 2.9\tex/latex/graphics\trig.sty"
Package: trig 2016/01/03 v1.10 sin cos tan (DPC)
)
("C:\Users\Isaac\AppData\Local\Programs\MiKTeX 2.9\tex/latex/graphics-cfg\graph
ics.cfg"
File: graphics.cfg 2016/06/04 v1.11 sample graphics configuration
)
Package graphics Info: Driver file: pdftex.def on input line 99.

("C:\Users\Isaac\AppData\Local\Programs\MiKTeX 2.9\tex/latex/graphics-def\pdfte
x.def"
File: pdftex.def 2018/01/08 v1.0l Graphics/color driver for pdftex
))
\Gin@req@height=\dimen138
\Gin@req@width=\dimen139
)
("C:\Users\Isaac\AppData\Local\Programs\MiKTeX 2.9\tex/latex/base\fix-cm.sty"
Package: fix-cm 2015/01/14 v1.1t fixes to LaTeX

("C:\Users\Isaac\AppData\Local\Programs\MiKTeX 2.9\tex/latex/base\ts1enc.def"
File: ts1enc.def 2001/06/05 v3.0e (jk/car/fm) Standard LaTeX file
Now handling font encoding TS1 ...
... processing UTF-8 mapping file for font encoding TS1

("C:\Users\Isaac\AppData\Local\Programs\MiKTeX 2.9\tex/latex/base\ts1enc.dfu"
File: ts1enc.dfu 2018/10/05 v1.2f UTF-8 support for inputenc
   defining Unicode char U+00A2 (decimal 162)
   defining Unicode char U+00A3 (decimal 163)
   defining Unicode char U+00A4 (decimal 164)
   defining Unicode char U+00A5 (decimal 165)
   defining Unicode char U+00A6 (decimal 166)
   defining Unicode char U+00A7 (decimal 167)
   defining Unicode char U+00A8 (decimal 168)
   defining Unicode char U+00A9 (decimal 169)
   defining Unicode char U+00AA (decimal 170)
   defining Unicode char U+00AC (decimal 172)
   defining Unicode char U+00AE (decimal 174)
   defining Unicode char U+00AF (decimal 175)
   defining Unicode char U+00B0 (decimal 176)
   defining Unicode char U+00B1 (decimal 177)
   defining Unicode char U+00B2 (decimal 178)
   defining Unicode char U+00B3 (decimal 179)
   defining Unicode char U+00B4 (decimal 180)
   defining Unicode char U+00B5 (decimal 181)
   defining Unicode char U+00B6 (decimal 182)
   defining Unicode char U+00B7 (decimal 183)
   defining Unicode char U+00B9 (decimal 185)
   defining Unicode char U+00BA (decimal 186)
   defining Unicode char U+00BC (decimal 188)
   defining Unicode char U+00BD (decimal 189)
   defining Unicode char U+00BE (decimal 190)
   defining Unicode char U+00D7 (decimal 215)
   defining Unicode char U+00F7 (decimal 247)
   defining Unicode char U+0192 (decimal 402)
   defining Unicode char U+02C7 (decimal 711)
   defining Unicode char U+02D8 (decimal 728)
   defining Unicode char U+02DD (decimal 733)
   defining Unicode char U+0E3F (decimal 3647)
   defining Unicode char U+2016 (decimal 8214)
   defining Unicode char U+2020 (decimal 8224)
   defining Unicode char U+2021 (decimal 8225)
   defining Unicode char U+2022 (decimal 8226)
   defining Unicode char U+2030 (decimal 8240)
   defining Unicode char U+2031 (decimal 8241)
   defining Unicode char U+203B (decimal 8251)
   defining Unicode char U+203D (decimal 8253)
   defining Unicode char U+2044 (decimal 8260)
   defining Unicode char U+204E (decimal 8270)
   defining Unicode char U+2052 (decimal 8274)
   defining Unicode char U+20A1 (decimal 8353)
   defining Unicode char U+20A4 (decimal 8356)
   defining Unicode char U+20A6 (decimal 8358)
   defining Unicode char U+20A9 (decimal 8361)
   defining Unicode char U+20AB (decimal 8363)
   defining Unicode char U+20AC (decimal 8364)
   defining Unicode char U+20B1 (decimal 8369)
   defining Unicode char U+2103 (decimal 8451)
   defining Unicode char U+2116 (decimal 8470)
   defining Unicode char U+2117 (decimal 8471)
   defining Unicode char U+211E (decimal 8478)
   defining Unicode char U+2120 (decimal 8480)
   defining Unicode char U+2122 (decimal 8482)
   defining Unicode char U+2126 (decimal 8486)
   defining Unicode char U+2127 (decimal 8487)
   defining Unicode char U+212E (decimal 8494)
   defining Unicode char U+2190 (decimal 8592)
   defining Unicode char U+2191 (decimal 8593)
   defining Unicode char U+2192 (decimal 8594)
   defining Unicode char U+2193 (decimal 8595)
   defining Unicode char U+2329 (decimal 9001)
   defining Unicode char U+232A (decimal 9002)
   defining Unicode char U+2422 (decimal 9250)
   defining Unicode char U+25E6 (decimal 9702)
   defining Unicode char U+25EF (decimal 9711)
   defining Unicode char U+266A (decimal 9834)
   defining Unicode char U+FEFF (decimal 65279)
)))
("C:\Users\Isaac\AppData\Local\Programs\MiKTeX 2.9\tex/latex/paralist\paralist.
sty"
Package: paralist 2017/01/22 v2.7 Extended list environments
\pltopsep=\skip92
\plpartopsep=\skip93
\plitemsep=\skip94
\plparsep=\skip95
\pl@lab=\toks24
)
("C:\Users\Isaac\AppData\Local\Programs\MiKTeX 2.9\tex/latex/enumitem\enumitem.
sty"
Package: enumitem 2019/02/04 v3.8 Customized lists
\labelindent=\skip96
\enit@outerparindent=\dimen140
\enit@toks=\toks25
\enit@inbox=\box57
\enit@count@id=\count123
\enitdp@description=\count124
)
("C:\Users\Isaac\AppData\Local\Programs\MiKTeX 2.9\tex/latex/parskip\parskip.st
y"
Package: parskip 2019-01-16 v2.0c non-zero parskip adjustments

("C:\Users\Isaac\AppData\Local\Programs\MiKTeX 2.9\tex/latex/oberdiek\kvoptions
.sty"
Package: kvoptions 2016/05/16 v3.12 Key value format for package options (HO)

("C:\Users\Isaac\AppData\Local\Programs\MiKTeX 2.9\tex/generic/oberdiek\ltxcmds
.sty"
Package: ltxcmds 2016/05/16 v1.23 LaTeX kernel commands for general use (HO)
)
("C:\Users\Isaac\AppData\Local\Programs\MiKTeX 2.9\tex/generic/oberdiek\kvsetke
ys.sty"
Package: kvsetkeys 2016/05/16 v1.17 Key value parser (HO)

("C:\Users\Isaac\AppData\Local\Programs\MiKTeX 2.9\tex/generic/oberdiek\infware
rr.sty"
Package: infwarerr 2016/05/16 v1.4 Providing info/warning/error messages (HO)
)
("C:\Users\Isaac\AppData\Local\Programs\MiKTeX 2.9\tex/generic/oberdiek\etexcmd
s.sty"
Package: etexcmds 2016/05/16 v1.6 Avoid name clashes with e-TeX commands (HO)

("C:\Users\Isaac\AppData\Local\Programs\MiKTeX 2.9\tex/generic/oberdiek\ifluate
x.sty"
Package: ifluatex 2016/05/16 v1.4 Provides the ifluatex switch (HO)
Package ifluatex Info: LuaTeX not detected.
))))
("C:\Users\Isaac\AppData\Local\Programs\MiKTeX 2.9\tex/latex/etoolbox\etoolbox.
sty"
Package: etoolbox 2018/08/19 v2.5f e-TeX tools for LaTeX (JAW)
\etb@tempcnta=\count125
))
("C:\Users\Isaac\AppData\Local\Programs\MiKTeX 2.9\tex/latex/xcolor\xcolor.sty"
Package: xcolor 2016/05/11 v2.12 LaTeX color extensions (UK)

("C:\Users\Isaac\AppData\Local\Programs\MiKTeX 2.9\tex/latex/graphics-cfg\color
.cfg"
File: color.cfg 2016/01/02 v1.6 sample color configuration
)
Package xcolor Info: Driver file: pdftex.def on input line 225.
Package xcolor Info: Model `cmy' substituted by `cmy0' on input line 1348.
Package xcolor Info: Model `hsb' substituted by `rgb' on input line 1352.
Package xcolor Info: Model `RGB' extended on input line 1364.
Package xcolor Info: Model `HTML' substituted by `rgb' on input line 1366.
Package xcolor Info: Model `Hsb' substituted by `hsb' on input line 1367.
Package xcolor Info: Model `tHsb' substituted by `hsb' on input line 1368.
Package xcolor Info: Model `HSB' substituted by `hsb' on input line 1369.
Package xcolor Info: Model `Gray' substituted by `gray' on input line 1370.
Package xcolor Info: Model `wave' substituted by `hsb' on input line 1371.

("C:\Users\Isaac\AppData\Local\Programs\MiKTeX 2.9\tex/latex/graphics\dvipsnam.
def"
File: dvipsnam.def 2016/06/17 v3.0m Driver-dependent file (DPC,SPQR)
))
("C:\Users\Isaac\AppData\Local\Programs\MiKTeX 2.9\tex/latex/ulem\ulem.sty"
\UL@box=\box58
\UL@hyphenbox=\box59
\UL@skip=\skip97
\UL@hook=\toks26
\UL@height=\dimen141
\UL@pe=\count126
\UL@pixel=\dimen142
\ULC@box=\box60
Package: ulem 2012/05/18
\ULdepth=\dimen143
)
\hdrmark=\marks1

("C:\Users\Isaac\AppData\Local\Programs\MiKTeX 2.9\tex/latex/listings\lstlang1.
sty"
File: lstlang1.sty 2019/02/27 1.8b listings language file
)
("C:\Users\Isaac\AppData\Local\Programs\MiKTeX 2.9\tex/latex/listings\lstlang1.
sty"
File: lstlang1.sty 2019/02/27 1.8b listings language file
)
("C:\Users\Isaac\AppData\Local\Programs\MiKTeX 2.9\tex/latex/listings\lstmisc.s
ty"
File: lstmisc.sty 2019/02/27 1.8b (Carsten Heinz)
)) (URJC.aux)
\openout1 = `URJC.aux'.

LaTeX Font Info:    Checking defaults for OML/cmm/m/it on input line 11.
LaTeX Font Info:    ... okay on input line 11.
LaTeX Font Info:    Checking defaults for T1/cmr/m/n on input line 11.
LaTeX Font Info:    ... okay on input line 11.
LaTeX Font Info:    Checking defaults for OT1/cmr/m/n on input line 11.
LaTeX Font Info:    ... okay on input line 11.
LaTeX Font Info:    Checking defaults for OMS/cmsy/m/n on input line 11.
LaTeX Font Info:    ... okay on input line 11.
LaTeX Font Info:    Checking defaults for OMX/cmex/m/n on input line 11.
LaTeX Font Info:    ... okay on input line 11.
LaTeX Font Info:    Checking defaults for U/cmr/m/n on input line 11.
LaTeX Font Info:    ... okay on input line 11.
LaTeX Font Info:    Checking defaults for TS1/cmr/m/n on input line 11.
LaTeX Font Info:    ... okay on input line 11.
\c@lstlisting=\count127

*geometry* driver: auto-detecting
*geometry* detected driver: pdftex
*geometry* verbose mode - [ preamble ] result:
* driver: pdftex
* paper: a4paper
* layout: <same size as paper>
* layoutoffset:(h,v)=(0.0pt,0.0pt)
* modes: landscape 
* h-part:(L,W,R)=(14.22636pt, 816.59412pt, 14.22636pt)
* v-part:(T,H,B)=(28.45274pt, 557.67421pt, 11.38092pt)
* \paperwidth=845.04684pt
* \paperheight=597.50787pt
* \textwidth=816.59412pt
* \textheight=557.67421pt
* \oddsidemargin=-58.04362pt
* \evensidemargin=-58.04362pt
* \topmargin=-80.81725pt
* \headheight=25.0pt
* \headsep=5.0pt
* \topskip=10.0pt
* \footskip=30.0pt
* \marginparwidth=57.0pt
* \marginparsep=11.0pt
* \columnsep=10.0pt
* \skip\footins=9.0pt plus 4.0pt minus 2.0pt
* \hoffset=0.0pt
* \voffset=0.0pt
* \mag=1000
* \@twocolumnfalse
* \@twosidefalse
* \@mparswitchfalse
* \@reversemarginfalse
* (1in=72.27pt=25.4mm, 1cm=28.453pt)


("C:\Users\Isaac\AppData\Local\Programs\MiKTeX 2.9\tex/context/base/mkii\supp-p
df.mkii"
[Loading MPS to PDF converter (version 2006.09.02).]
\scratchcounter=\count128
\scratchdimen=\dimen144
\scratchbox=\box61
\nofMPsegments=\count129
\nofMParguments=\count130
\everyMPshowfont=\toks27
\MPscratchCnt=\count131
\MPscratchDim=\dimen145
\MPnumerator=\count132
\makeMPintoPDFobject=\count133
\everyMPtoPDFconversion=\toks28
)
("C:\Users\Isaac\AppData\Local\Programs\MiKTeX 2.9\tex/latex/oberdiek\epstopdf-
base.sty"
Package: epstopdf-base 2016/05/15 v2.6 Base part for package epstopdf

("C:\Users\Isaac\AppData\Local\Programs\MiKTeX 2.9\tex/latex/oberdiek\grfext.st
y"
Package: grfext 2016/05/16 v1.2 Manage graphics extensions (HO)

("C:\Users\Isaac\AppData\Local\Programs\MiKTeX 2.9\tex/generic/oberdiek\kvdefin
ekeys.sty"
Package: kvdefinekeys 2016/05/16 v1.4 Define keys (HO)
))
("C:\Users\Isaac\AppData\Local\Programs\MiKTeX 2.9\tex/generic/oberdiek\pdftexc
mds.sty"
Package: pdftexcmds 2018/09/10 v0.29 Utility functions of pdfTeX for LuaTeX (HO
)
Package pdftexcmds Info: LuaTeX not detected.
Package pdftexcmds Info: \pdf@primitive is available.
Package pdftexcmds Info: \pdf@ifprimitive is available.
Package pdftexcmds Info: \pdfdraftmode found.
)
Package epstopdf-base Info: Redefining graphics rule for `.eps' on input line 4
38.
Package grfext Info: Graphics extension search list:
(grfext)             [.pdf,.png,.jpg,.mps,.jpeg,.jbig2,.jb2,.PDF,.PNG,.JPG,.JPE
G,.JBIG2,.JB2,.eps]
(grfext)             \AppendGraphicsExtensions on input line 456.
)
runsystem(rm -f header.tmp)...executed.

Package epstopdf Info: Source file: <URJC-Logo.eps>
(epstopdf)                    date: 2015-05-12 16:38:46
(epstopdf)                    size: 419218 bytes
(epstopdf)             Output file: <URJC-Logo-eps-converted-to.pdf>
(epstopdf)                    date: 2018-11-27 11:14:23
(epstopdf)                    size: 11835 bytes
(epstopdf)             Command: <epstopdf --outfile=URJC-Logo-eps-converted-to.
pdf URJC-Logo.eps>
(epstopdf)             \includegraphics on input line 14.
Package epstopdf Info: Output file is already uptodate.


pdfTeX warning: pdflatex.exe (file ./URJC-Logo-eps-converted-to.pdf): PDF inclu
sion: found PDF version <1.7>, but at most version <1.5> allowed
<URJC-Logo-eps-converted-to.pdf, id=1, 63.23625pt x 132.495pt>
File: URJC-Logo-eps-converted-to.pdf Graphic file (type pdf)
<use URJC-Logo-eps-converted-to.pdf>
Package pdftex.def Info: URJC-Logo-eps-converted-to.pdf  used on input line 14.

(pdftex.def)             Requested size: 85.35826pt x 178.8504pt.
[1

{C:/Users/Isaac/AppData/Local/MiKTeX/2.9/pdftex/config/pdftex.map} <./URJC-Logo
-eps-converted-to.pdf>] (../content/contest/chapter.tex
Chapter 1.
LaTeX Font Info:    Try loading font information for U+msa on input line 1.
("C:\Users\Isaac\AppData\Local\Programs\MiKTeX 2.9\tex/latex/amsfonts\umsa.fd"
File: umsa.fd 2013/01/14 v3.01 AMS symbols A
)
LaTeX Font Info:    Try loading font information for U+msb on input line 1.
("C:\Users\Isaac\AppData\Local\Programs\MiKTeX 2.9\tex/latex/amsfonts\umsb.fd"
File: umsb.fd 2013/01/14 v3.01 AMS symbols B
)
\c@ttl@toc@chapters=\count134
runsystem(rd -f kactl.tmp)...executed.

runsystem(python kactlprocessor.py -i "../content/contest/content.txt" -o kactl
.tmp -l raw)...executed.

(kactl.tmp
LaTeX Font Info:    Try loading font information for OT1+pcr on input line 3.

("C:\Users\Isaac\AppData\Local\Programs\MiKTeX 2.9\tex/latex/psnfss\ot1pcr.fd"
File: ot1pcr.fd 2001/06/04 font definitions for OT1/pcr.
))
runsystem(rd -f kactl.tmp)...executed.

runsystem(python kactlprocessor.py -i "../content/contest/template.cpp" -o kact
l.tmp -l rawcpp)...executed.

 (kactl.tmp)
runsystem(rd -f kactl.tmp)...executed.

runsystem(python kactlprocessor.py -i "../content/contest/troubleshoot.txt" -o 
kactl.tmp -l raw)...executed.

 (kactl.tmp)) (../content/data-structures/chapter.tex
Chapter 2.
runsystem(rd -f kactl.tmp)...executed.

runsystem(python kactlprocessor.py -i "../content/data-structures/SegmentTree.c
pp" -o kactl.tmp )...executed.

(kactl.tmp)
runsystem(rd -f kactl.tmp)...executed.

runsystem(python kactlprocessor.py -i "../content/data-structures/BIT.cpp" -o k
actl.tmp )...executed.

 (kactl.tmp
runsystem(python kactlprocessor.py --print-header "BIT.cpp|BIT.cpp" -o header2.
tmp)...executed.

 (header2.tmp) [1

])
runsystem(rd -f kactl.tmp)...executed.

runsystem(python kactlprocessor.py -i "../content/data-structures/BIT2D.java" -
o kactl.tmp )...executed.

 (kactl.tmp
("C:\Users\Isaac\AppData\Local\Programs\MiKTeX 2.9\tex/latex/listings\lstlang1.
sty"
File: lstlang1.sty 2019/02/27 1.8b listings language file
)
Underfull \hbox (badness 10000) in paragraph at lines 6--6
\OT1/cmr/bx/n/7 Usage: \OT1/pcr/m/n/7 Update value at (row,col), query rectangl
e (1,1) to
 []

)
runsystem(rd -f kactl.tmp)...executed.

runsystem(python kactlprocessor.py -i "../content/data-structures/Trie.cpp" -o 
kactl.tmp )...executed.

 (kactl.tmp)) (../content/graph/chapter.tex
Chapter 3.
runsystem(rd -f kactl.tmp)...executed.

runsystem(python kactlprocessor.py -i "../content/graph/ArticulationPointAndBri
dges.cpp" -o kactl.tmp )...executed.

(kactl.tmp
runsystem(python kactlprocessor.py --print-header "ArticulationPointAndBridges.
cpp|ArticulationPointAndBridges.cpp" -o header2.tmp)...executed.

 (header2.tmp) [2])
runsystem(rd -f kactl.tmp)...executed.

runsystem(python kactlprocessor.py -i "../content/graph/EulerianCycle.cpp" -o k
actl.tmp )...executed.

 (kactl.tmp
Underfull \hbox (badness 10000) in paragraph at lines 6--6
\OT1/pcr/m/n/7 if undirected add index to both rows of adj list. If directed
 []


Underfull \hbox (badness 10000) in paragraph at lines 6--6
\OT1/pcr/m/n/7 make sure if it needs to be connected, difference between
 []


Underfull \hbox (badness 10000) in paragraph at lines 6--6
\OT1/pcr/m/n/7 in/out edges. If it is a tour then u must be a vertex with odd
 []

)
runsystem(rd -f kactl.tmp)...executed.

runsystem(python kactlprocessor.py -i "../content/graph/EulerianPath.cpp" -o ka
ctl.tmp )...executed.

 (kactl.tmp)
runsystem(rd -f kactl.tmp)...executed.

runsystem(python kactlprocessor.py -i "../content/graph/StronglyConnectedCompon
ents.cpp" -o kactl.tmp )...executed.

 (kactl.tmp)
runsystem(rd -f kactl.tmp)...executed.

runsystem(python kactlprocessor.py -i "../content/graph/Hopcroft-Karp.cpp" -o k
actl.tmp )...executed.

 (kactl.tmp
runsystem(python kactlprocessor.py --print-header "Hopcroft-Karp.cpp|Hopcroft-K
arp.cpp" -o header2.tmp)...executed.

 (header2.tmp) [3])
runsystem(rd -f kactl.tmp)...executed.

runsystem(python kactlprocessor.py -i "../content/graph/Dinic.cpp" -o kactl.tmp
 )...executed.

 (kactl.tmp)
runsystem(rd -f kactl.tmp)...executed.

runsystem(python kactlprocessor.py -i "../content/graph/PushRelabel.cpp" -o kac
tl.tmp )...executed.

 (kactl.tmp
runsystem(python kactlprocessor.py --print-header "PushRelabel.cpp|PushRelabel.
cpp" -o header2.tmp)...executed.


(header2.tmp) [4])
runsystem(rd -f kactl.tmp)...executed.

runsystem(python kactlprocessor.py -i "../content/graph/MaxFlow.cpp" -o kactl.t
mp )...executed.

 (kactl.tmp
Underfull \hbox (badness 10000) in paragraph at lines 6--6
\OT1/pcr/m/n/7 the source. All the vertices reached from it using only edges
 []


Underfull \hbox (badness 10000) in paragraph at lines 6--6
\OT1/cmr/bx/n/7 Time: $\OMS/cmsy/m/n/7 O []$ \OT1/cmr/m/n/7 for gen-eral graphs
. For unit ca-pac-i-
 []


Underfull \hbox (badness 10000) in paragraph at lines 6--6
\OT1/cmr/m/n/7 ties $\OMS/cmsy/m/n/7 O []$\OT1/cmr/m/n/7 . For max-i-mum match-
ing
 []

)
runsystem(rd -f kactl.tmp)...executed.

runsystem(python kactlprocessor.py -i "../content/graph/MaxflowMinCap.cpp" -o k
actl.tmp )...executed.

 (kactl.tmp
Underfull \hbox (badness 10000) in paragraph at lines 7--7
\OT1/cmr/bx/n/7 Time: $\OMS/cmsy/m/n/7 O []$ \OT1/cmr/m/n/7 for gen-eral graphs
. For unit ca-pac-i-ties
 []

)
runsystem(rd -f kactl.tmp)...executed.

runsystem(python kactlprocessor.py -i "../content/graph/MinCostMaxFlow.cpp" -o 
kactl.tmp )...executed.

 (kactl.tmp
runsystem(python kactlprocessor.py --print-header "MinCostMaxFlow.cpp|MinCostMa
xFlow.cpp" -o header2.tmp)...executed.

 (header2.tmp) [5])
runsystem(rd -f kactl.tmp)...executed.

runsystem(python kactlprocessor.py -i "../content/graph/MinCut.cpp" -o kactl.tm
p )...executed.

 (kactl.tmp)
runsystem(rd -f kactl.tmp)...executed.

runsystem(python kactlprocessor.py -i "../content/graph/MaxBipartiteMaching.cpp
" -o kactl.tmp )...executed.

 (kactl.tmp
runsystem(python kactlprocessor.py --print-header "MaxBipartiteMaching.cpp|MaxB
ipartiteMaching.cpp" -o header2.tmp)...executed.

 (header2.tmp) [6])
runsystem(rd -f kactl.tmp)...executed.

runsystem(python kactlprocessor.py -i "../content/graph/Dijkstra.cpp" -o kactl.
tmp )...executed.


(kactl.tmp)
runsystem(rd -f kactl.tmp)...executed.

runsystem(python kactlprocessor.py -i "../content/graph/Kruskal.cpp" -o kactl.t
mp )...executed.

 (kactl.tmp)
runsystem(rd -f kactl.tmp)...executed.

runsystem(python kactlprocessor.py -i "../content/graph/LCA.cpp" -o kactl.tmp )
...executed.

 (kactl.tmp
runsystem(python kactlprocessor.py --print-header "LCA.cpp|LCA.cpp" -o header2.
tmp)...executed.

 (header2.tmp) [7])
runsystem(rd -f kactl.tmp)...executed.

runsystem(python kactlprocessor.py -i "../content/graph/Topologicalsort.cpp" -o
 kactl.tmp )...executed.

 (kactl.tmp)
runsystem(rd -f kactl.tmp)...executed.

runsystem(python kactlprocessor.py -i "../content/graph/BFS-DFS.cpp" -o kactl.t
mp )...executed.

 (kactl.tmp)
runsystem(rd -f kactl.tmp)...executed.

runsystem(python kactlprocessor.py -i "../content/graph/FloydWarshall.cpp" -o k
actl.tmp )...executed.


(kactl.tmp)
runsystem(rd -f kactl.tmp)...executed.

runsystem(python kactlprocessor.py -i "../content/graph/ConnectedComponents.cpp
" -o kactl.tmp )...executed.

 (kactl.tmp)
runsystem(rd -f kactl.tmp)...executed.

runsystem(python kactlprocessor.py -i "../content/graph/Hungarian.cpp" -o kactl
.tmp )...executed.

 (kactl.tmp
runsystem(python kactlprocessor.py --print-header "Hungarian.cpp|Hungarian.cpp"
 -o header2.tmp)...executed.

 (header2.tmp) [8])
LaTeX Font Info:    Try loading font information for OMS+cmr on input line 32.

("C:\Users\Isaac\AppData\Local\Programs\MiKTeX 2.9\tex/latex/base\omscmr.fd"
File: omscmr.fd 2014/09/29 v2.5h Standard LaTeX font definitions
)
LaTeX Font Info:    Font shape `OMS/cmr/m/n' in size <10> not available
(Font)              Font shape `OMS/cmsy/m/n' tried instead on input line 32.
)
(../content/strings/chapter.tex
Chapter 4.
runsystem(rd -f kactl.tmp)...executed.

runsystem(python kactlprocessor.py -i "../content/strings/AhoCorasick.cpp" -o k
actl.tmp )...executed.

(kactl.tmp
Underfull \hbox (badness 10000) in paragraph at lines 6--6
\OT1/cmr/bx/n/7 Usage: \OT1/pcr/m/n/7 This is an offline Algorithm, Pass the ve
ctor of
 []


Underfull \hbox (badness 10000) in paragraph at lines 6--6
\OT1/pcr/m/n/7 patterns to Trie.init(v), find function returns the number
 []

runsystem(python kactlprocessor.py --print-header "AhoCorasick.cpp|AhoCorasick.
cpp" -o header2.tmp)...executed.

(header2.tmp) [9])
runsystem(rd -f kactl.tmp)...executed.

runsystem(python kactlprocessor.py -i "../content/strings/Manacher.cpp" -o kact
l.tmp )...executed.

 (kactl.tmp)
runsystem(rd -f kactl.tmp)...executed.

runsystem(python kactlprocessor.py -i "../content/strings/SuffixArray.cpp" -o k
actl.tmp )...executed.

 (kactl.tmp)
runsystem(rd -f kactl.tmp)...executed.

runsystem(python kactlprocessor.py -i "../content/strings/Z.cpp" -o kactl.tmp )
...executed.

 (kactl.tmp
runsystem(python kactlprocessor.py --print-header "|Z.cpp" -o header2.tmp)...ex
ecuted.

 (header2.tmp) [10])
runsystem(rd -f kactl.tmp)...executed.

runsystem(python kactlprocessor.py -i "../content/strings/KMP.cpp" -o kactl.tmp
 )...executed.


(kactl.tmp)
runsystem(rd -f kactl.tmp)...executed.

runsystem(python kactlprocessor.py -i "../content/strings/MinRotation.cpp" -o k
actl.tmp )...executed.

 (kactl.tmp)) (../content/math/chapter.tex
Chapter 5.

Overfull \hbox (25.19072pt too wide) in paragraph at lines 37--47
[]  
 []

runsystem(rd -f kactl.tmp)...executed.

runsystem(python kactlprocessor.py -i "../content/math/BinomialModPrime.cpp" -o
 kactl.tmp )...executed.

(kactl.tmp
runsystem(python kactlprocessor.py --print-header "|MinRotation.cpp" -o header2
.tmp)...executed.

 (header2.tmp) [11])
runsystem(rd -f kactl.tmp)...executed.

runsystem(python kactlprocessor.py -i "../content/math/GCDLCM.cpp" -o kactl.tmp
 )...executed.

 (kactl.tmp)) (../content/geometry/chapter.tex
Chapter 6.
runsystem(rd -f kactl.tmp)...executed.

runsystem(python kactlprocessor.py -i "../content/geometry/Point.h" -o kactl.tm
p )...executed.

(kactl.tmp)
runsystem(rd -f kactl.tmp)...executed.

runsystem(python kactlprocessor.py -i "../content/geometry/lineDistance.h" -o k
actl.tmp )...executed.

 (kactl.tmp
<../content/geometry/lineDistance.pdf, id=64, 42.67899pt x 42.67899pt>
File: ../content/geometry/lineDistance.pdf Graphic file (type pdf)
<use ../content/geometry/lineDistance.pdf>
Package pdftex.def Info: ../content/geometry/lineDistance.pdf  used on input li
ne 11.
(pdftex.def)             Requested size: 42.67912pt x 42.68211pt.
)
runsystem(rd -f kactl.tmp)...executed.

runsystem(python kactlprocessor.py -i "../content/geometry/pointsToLine.h" -o k
actl.tmp )...executed.

 (kactl.tmp)
runsystem(rd -f kactl.tmp)...executed.

runsystem(python kactlprocessor.py -i "../content/geometry/SegmentDistance.h" -
o kactl.tmp )...executed.

 (kactl.tmp
<../content/geometry/SegmentDistance.pdf, id=65, 42.67899pt x 42.67899pt>
File: ../content/geometry/SegmentDistance.pdf Graphic file (type pdf)
<use ../content/geometry/SegmentDistance.pdf>
Package pdftex.def Info: ../content/geometry/SegmentDistance.pdf  used on input
 line 14.
(pdftex.def)             Requested size: 42.67912pt x 42.68211pt.
)
runsystem(rd -f kactl.tmp)...executed.

runsystem(python kactlprocessor.py -i "../content/geometry/SegmentIntersection.
h" -o kactl.tmp )...executed.

 (kactl.tmp
<../content/geometry/SegmentIntersection.pdf, id=66, 42.67899pt x 42.67899pt>
File: ../content/geometry/SegmentIntersection.pdf Graphic file (type pdf)
<use ../content/geometry/SegmentIntersection.pdf>
Package pdftex.def Info: ../content/geometry/SegmentIntersection.pdf  used on i
nput line 18.
(pdftex.def)             Requested size: 42.67912pt x 42.68211pt.
)
runsystem(rd -f kactl.tmp)...executed.

runsystem(python kactlprocessor.py -i "../content/geometry/SegmentIntersectionQ
.h" -o kactl.tmp )...executed.

 (kactl.tmp)
runsystem(rd -f kactl.tmp)...executed.

runsystem(python kactlprocessor.py -i "../content/geometry/segmentIntersectionP
oint.h" -o kactl.tmp )...executed.


(kactl.tmp
runsystem(python kactlprocessor.py --print-header "segmentIntersectionPoint.h|s
egmentIntersectionPoint.h" -o header2.tmp)...executed.

 (header2.tmp) [12 <../content/geometry/lineDistance.pdf> <../content/geometry/
SegmentDistance.pdf> <../content/geometry/SegmentIntersection.pdf>])
runsystem(rd -f kactl.tmp)...executed.

runsystem(python kactlprocessor.py -i "../content/geometry/lineIntersection.h" 
-o kactl.tmp )...executed.


(kactl.tmp
<../content/geometry/lineIntersection.pdf, id=170, 42.67899pt x 42.67899pt>
File: ../content/geometry/lineIntersection.pdf Graphic file (type pdf)
<use ../content/geometry/lineIntersection.pdf>
Package pdftex.def Info: ../content/geometry/lineIntersection.pdf  used on inpu
t line 14.
(pdftex.def)             Requested size: 42.67912pt x 42.68211pt.
)
runsystem(rd -f kactl.tmp)...executed.

runsystem(python kactlprocessor.py -i "../content/geometry/lineIntersectionv2.h
" -o kactl.tmp )...executed.

 (kactl.tmp
File: ../content/geometry/lineIntersection.pdf Graphic file (type pdf)
<use ../content/geometry/lineIntersection.pdf>
Package pdftex.def Info: ../content/geometry/lineIntersection.pdf  used on inpu
t line 13.
(pdftex.def)             Requested size: 42.67912pt x 42.68211pt.
)
runsystem(rd -f kactl.tmp)...executed.

runsystem(python kactlprocessor.py -i "../content/geometry/sideOf.h" -o kactl.t
mp )...executed.

 (kactl.tmp)
runsystem(rd -f kactl.tmp)...executed.

runsystem(python kactlprocessor.py -i "../content/geometry/onSegment.h" -o kact
l.tmp )...executed.

 (kactl.tmp)
runsystem(rd -f kactl.tmp)...executed.

runsystem(python kactlprocessor.py -i "../content/geometry/linearTransformation
.h" -o kactl.tmp )...executed.

 (kactl.tmp
<../content/geometry/linearTransformation.pdf, id=171, 42.67899pt x 42.67899pt>

File: ../content/geometry/linearTransformation.pdf Graphic file (type pdf)
<use ../content/geometry/linearTransformation.pdf>
Package pdftex.def Info: ../content/geometry/linearTransformation.pdf  used on 
input line 13.
(pdftex.def)             Requested size: 42.67912pt x 42.68211pt.
)
runsystem(rd -f kactl.tmp)...executed.

runsystem(python kactlprocessor.py -i "../content/geometry/Angle.h" -o kactl.tm
p )...executed.

 (kactl.tmp
LaTeX Font Info:    Try loading font information for OMS+pcr on input line 9.

("C:\Users\Isaac\AppData\Local\Programs\MiKTeX 2.9\tex/latex/psnfss\omspcr.fd"
File: omspcr.fd 
)
LaTeX Font Info:    Font shape `OMS/pcr/m/n' in size <7> not available
(Font)              Font shape `OMS/cmsy/m/n' tried instead on input line 9.

Underfull \hbox (badness 10000) in paragraph at lines 9--9
\OT1/pcr/m/n/7 // sweeps j such that (j-i) represents the number of positively
 []

)
runsystem(rd -f kactl.tmp)...executed.

runsystem(python kactlprocessor.py -i "../content/geometry/CanFormTriangle.cpp"
 -o kactl.tmp )...executed.

 (kactl.tmp)
runsystem(rd -f kactl.tmp)...executed.

runsystem(python kactlprocessor.py -i "../content/geometry/CanFormQuadrangle.cp
p" -o kactl.tmp )...executed.

 (kactl.tmp)
runsystem(rd -f kactl.tmp)...executed.

runsystem(python kactlprocessor.py -i "../content/geometry/hasIntersectQuadrang
les.cpp" -o kactl.tmp )...executed.

 (kactl.tmp)
runsystem(rd -f kactl.tmp)...executed.

runsystem(python kactlprocessor.py -i "../content/geometry/CircleIntersection.h
" -o kactl.tmp )...executed.

 (kactl.tmp)
runsystem(python kactlprocessor.py --print-header "CircleIntersection.h|CircleI
ntersection.h" -o header2.tmp)...executed.

 (header2.tmp)

Package Fancyhdr Warning: \headheight is too small (25.0pt): 
Make it at least 34.54448pt.
We now make it that large for the rest of the document.
This may cause the page layout to be inconsistent, however.

[13 <../content/geometry/lineIntersection.pdf> <../content/geometry/linearTrans
formation.pdf>]
runsystem(rd -f kactl.tmp)...executed.

runsystem(python kactlprocessor.py -i "../content/geometry/circleTangents.h" -o
 kactl.tmp )...executed.

 (kactl.tmp
<../content/geometry/circleTangents.pdf, id=241, 42.67899pt x 42.67899pt>
File: ../content/geometry/circleTangents.pdf Graphic file (type pdf)
<use ../content/geometry/circleTangents.pdf>
Package pdftex.def Info: ../content/geometry/circleTangents.pdf  used on input 
line 13.
(pdftex.def)             Requested size: 42.67912pt x 42.68211pt.
)
runsystem(rd -f kactl.tmp)...executed.

runsystem(python kactlprocessor.py -i "../content/geometry/inCircle.cpp" -o kac
tl.tmp )...executed.

 (kactl.tmp)
runsystem(rd -f kactl.tmp)...executed.

runsystem(python kactlprocessor.py -i "../content/geometry/circumcircle.h" -o k
actl.tmp )...executed.

 (kactl.tmp
<../content/geometry/circumcircle.pdf, id=242, 42.67899pt x 42.67899pt>
File: ../content/geometry/circumcircle.pdf Graphic file (type pdf)
<use ../content/geometry/circumcircle.pdf>
Package pdftex.def Info: ../content/geometry/circumcircle.pdf  used on input li
ne 12.
(pdftex.def)             Requested size: 42.67912pt x 42.68211pt.
)
runsystem(rd -f kactl.tmp)...executed.

runsystem(python kactlprocessor.py -i "../content/geometry/MinimumEnclosingCirc
le.h" -o kactl.tmp )...executed.

 (kactl.tmp)
runsystem(rd -f kactl.tmp)...executed.

runsystem(python kactlprocessor.py -i "../content/geometry/QuarterCircles.cpp" 
-o kactl.tmp )...executed.

 (kactl.tmp

pdfTeX warning: pdflatex.exe (file ../content/geometry/QuarterCircles.pdf): PDF
 inclusion: found PDF version <1.7>, but at most version <1.5> allowed
<../content/geometry/QuarterCircles.pdf, id=243, 425.33907pt x 420.82219pt>
File: ../content/geometry/QuarterCircles.pdf Graphic file (type pdf)
<use ../content/geometry/QuarterCircles.pdf>
Package pdftex.def Info: ../content/geometry/QuarterCircles.pdf  used on input 
line 11.
(pdftex.def)             Requested size: 42.67912pt x 42.22594pt.
)
runsystem(rd -f kactl.tmp)...executed.

runsystem(python kactlprocessor.py -i "../content/geometry/insideCircle.cpp" -o
 kactl.tmp )...executed.

 (kactl.tmp)
runsystem(rd -f kactl.tmp)...executed.

runsystem(python kactlprocessor.py -i "../content/geometry/circle2PtsRad.h" -o 
kactl.tmp )...executed.

 (kactl.tmp)
runsystem(rd -f kactl.tmp)...executed.

runsystem(python kactlprocessor.py -i "../content/geometry/inCircumCircle.h" -o
 kactl.tmp )...executed.

 (kactl.tmp)
runsystem(rd -f kactl.tmp)...executed.

runsystem(python kactlprocessor.py -i "../content/geometry/insidePolygon.h" -o 
kactl.tmp )...executed.

 (kactl.tmp)
runsystem(python kactlprocessor.py --print-header "insidePolygon.h|insidePolygo
n.h" -o header2.tmp)...executed.

 (header2.tmp) [14 <../content/geometry/circleTangents.pdf> <../content/geometr
y/circumcircle.pdf> <../content/geometry/QuarterCircles.pdf>]
runsystem(rd -f kactl.tmp)...executed.

runsystem(python kactlprocessor.py -i "../content/geometry/PolygonArea.h" -o ka
ctl.tmp )...executed.

 (kactl.tmp)
runsystem(rd -f kactl.tmp)...executed.

runsystem(python kactlprocessor.py -i "../content/geometry/PolygonAreav2.h" -o 
kactl.tmp )...executed.

 (kactl.tmp)
runsystem(rd -f kactl.tmp)...executed.

runsystem(python kactlprocessor.py -i "../content/geometry/PolygonCenter.h" -o 
kactl.tmp )...executed.

 (kactl.tmp)
runsystem(rd -f kactl.tmp)...executed.

runsystem(python kactlprocessor.py -i "../content/geometry/PolygonCenterOfMass.
h" -o kactl.tmp )...executed.

 (kactl.tmp)
runsystem(rd -f kactl.tmp)...executed.

runsystem(python kactlprocessor.py -i "../content/geometry/PolygonCut.h" -o kac
tl.tmp )...executed.

(kactl.tmp
<../content/geometry/PolygonCut.pdf, id=314, 42.67899pt x 42.67899pt>
File: ../content/geometry/PolygonCut.pdf Graphic file (type pdf)
<use ../content/geometry/PolygonCut.pdf>
Package pdftex.def Info: ../content/geometry/PolygonCut.pdf  used on input line
 15.
(pdftex.def)             Requested size: 42.67912pt x 42.68211pt.
)
runsystem(rd -f kactl.tmp)...executed.

runsystem(python kactlprocessor.py -i "../content/geometry/PolygonConvex.cpp" -
o kactl.tmp )...executed.

 (kactl.tmp)
runsystem(rd -f kactl.tmp)...executed.

runsystem(python kactlprocessor.py -i "../content/geometry/ConvexHull.h" -o kac
tl.tmp )...executed.

 (kactl.tmp
<../content/geometry/ConvexHull.pdf, id=315, 42.67899pt x 42.67899pt>
File: ../content/geometry/ConvexHull.pdf Graphic file (type pdf)
<use ../content/geometry/ConvexHull.pdf>
Package pdftex.def Info: ../content/geometry/ConvexHull.pdf  used on input line
 16.
(pdftex.def)             Requested size: 42.67912pt x 42.68211pt.
)
runsystem(rd -f kactl.tmp)...executed.

runsystem(python kactlprocessor.py -i "../content/geometry/newConvexHull.cpp" -
o kactl.tmp )...executed.

 (kactl.tmp)
runsystem(rd -f kactl.tmp)...executed.

runsystem(python kactlprocessor.py -i "../content/geometry/PolygonPerimeter.cpp
" -o kactl.tmp )...executed.

 (kactl.tmp)
runsystem(rd -f kactl.tmp)...executed.

runsystem(python kactlprocessor.py -i "../content/geometry/PolygonDiameter.h" -
o kactl.tmp )...executed.

 (kactl.tmp)
runsystem(rd -f kactl.tmp)...executed.

runsystem(python kactlprocessor.py -i "../content/geometry/PointInsideHull.h" -
o kactl.tmp )...executed.


(kactl.tmp
runsystem(python kactlprocessor.py --print-header "PolygonDiameter.h|PointInsid
eHull.h" -o header2.tmp)...executed.

 (header2.tmp) [15 <../content/geometry/PolygonCut.pdf> <../content/geometry/Co
nvexHull.pdf>])
runsystem(rd -f kactl.tmp)...executed.

runsystem(python kactlprocessor.py -i "../content/geometry/LineHullIntersection
.h" -o kactl.tmp )...executed.

 (kactl.tmp
LaTeX Font Info:    Font shape `OMS/cmr/m/n' in size <7> not available
(Font)              Font shape `OMS/cmsy/m/n' tried instead on input line 15.
)
runsystem(rd -f kactl.tmp)...executed.

runsystem(python kactlprocessor.py -i "../content/geometry/closestPair.h" -o ka
ctl.tmp )...executed.

 (kactl.tmp)
runsystem(rd -f kactl.tmp)...executed.

runsystem(python kactlprocessor.py -i "../content/geometry/HeronWithMedians.cpp
" -o kactl.tmp )...executed.

 (kactl.tmp)
runsystem(rd -f kactl.tmp)...executed.

runsystem(python kactlprocessor.py -i "../content/geometry/PolyhedronVolume.h" 
-o kactl.tmp )...executed.

 (kactl.tmp)
runsystem(rd -f kactl.tmp)...executed.

runsystem(python kactlprocessor.py -i "../content/geometry/Point3D.h" -o kactl.
tmp )...executed.


(kactl.tmp
runsystem(python kactlprocessor.py --print-header "Point3D.h|Point3D.h" -o head
er2.tmp)...executed.

 (header2.tmp) [16])
runsystem(rd -f kactl.tmp)...executed.

runsystem(python kactlprocessor.py -i "../content/geometry/sphericalDistance.h"
 -o kactl.tmp )...executed.

 (kactl.tmp)) (../content/numerical/chapter.tex
Chapter 7.
runsystem(rd -f kactl.tmp)...executed.

runsystem(python kactlprocessor.py -i "../content/numerical/Polynomial.h" -o ka
ctl.tmp )...executed.

(kactl.tmp)
runsystem(rd -f kactl.tmp)...executed.

runsystem(python kactlprocessor.py -i "../content/numerical/PolyRoots.h" -o kac
tl.tmp )...executed.

 (kactl.tmp)
runsystem(rd -f kactl.tmp)...executed.

runsystem(python kactlprocessor.py -i "../content/numerical/PolyInterpolate.h" 
-o kactl.tmp )...executed.

 (kactl.tmp)
runsystem(rd -f kactl.tmp)...executed.

runsystem(python kactlprocessor.py -i "../content/numerical/MatrixInverse.h" -o
 kactl.tmp )...executed.

 (kactl.tmp)
runsystem(rd -f kactl.tmp)...executed.

runsystem(python kactlprocessor.py -i "../content/numerical/SolveLinear.h" -o k
actl.tmp )...executed.

 (kactl.tmp)
runsystem(python kactlprocessor.py --print-header "SolveLinear.h|SolveLinear.h"
 -o header2.tmp)...executed.

 (header2.tmp)
[17]
runsystem(rd -f kactl.tmp)...executed.

runsystem(python kactlprocessor.py -i "../content/numerical/SolveLinear2.h" -o 
kactl.tmp )...executed.

 (kactl.tmp)
runsystem(rd -f kactl.tmp)...executed.

runsystem(python kactlprocessor.py -i "../content/numerical/Determinant.h" -o k
actl.tmp )...executed.

 (kactl.tmp)) (../content/number-theory/chapter.tex
Chapter 8.
runsystem(rd -f kactl.tmp)...executed.

runsystem(python kactlprocessor.py -i "../content/number-theory/ModularArithmet
ic.h" -o kactl.tmp )...executed.

(kactl.tmp)
runsystem(rd -f kactl.tmp)...executed.

runsystem(python kactlprocessor.py -i "../content/number-theory/ModInverse.h" -
o kactl.tmp )...executed.

 (kactl.tmp)
runsystem(rd -f kactl.tmp)...executed.

runsystem(python kactlprocessor.py -i "../content/number-theory/ModPow.h" -o ka
ctl.tmp )...executed.

 (kactl.tmp)
runsystem(rd -f kactl.tmp)...executed.

runsystem(python kactlprocessor.py -i "../content/number-theory/ModSum.h" -o ka
ctl.tmp )...executed.

 (kactl.tmp)
runsystem(rd -f kactl.tmp)...executed.

runsystem(python kactlprocessor.py -i "../content/number-theory/ModMulLL.h" -o 
kactl.tmp )...executed.

 (kactl.tmp)
runsystem(rd -f kactl.tmp)...executed.

runsystem(python kactlprocessor.py -i "../content/number-theory/ModSqrt.h" -o k
actl.tmp )...executed.

 (kactl.tmp)
runsystem(rd -f kactl.tmp)...executed.

runsystem(python kactlprocessor.py -i "../content/number-theory/eratosthenes.h"
 -o kactl.tmp )...executed.


(kactl.tmp)
runsystem(rd -f kactl.tmp)...executed.

runsystem(python kactlprocessor.py -i "../content/number-theory/MillerRabin.h" 
-o kactl.tmp )...executed.

 (kactl.tmp
runsystem(python kactlprocessor.py --print-header "MillerRabin.h|MillerRabin.h"
 -o header2.tmp)...executed.

 (header2.tmp) [18])
runsystem(rd -f kactl.tmp)...executed.

runsystem(python kactlprocessor.py -i "../content/number-theory/factor.h" -o ka
ctl.tmp )...executed.

 (kactl.tmp)
runsystem(rd -f kactl.tmp)...executed.

runsystem(python kactlprocessor.py -i "../content/number-theory/euclid.h" -o ka
ctl.tmp )...executed.

 (kactl.tmp))
(../content/combinatorial/chapter.tex
Chapter 9.
runsystem(rd -f kactl.tmp)...executed.

runsystem(python kactlprocessor.py -i "../content/combinatorial/binomialModPrim
e.h" -o kactl.tmp )...executed.

(kactl.tmp)
Overfull \hbox (15.39244pt too wide) in paragraph at lines 48--50
$[]$  
 []

runsystem(python kactlprocessor.py --print-header "|binomialModPrime.h" -o head
er2.tmp)...executed.

(header2.tmp) [19]) (../content/various/chapter.tex
Chapter 10.
runsystem(rd -f kactl.tmp)...executed.

runsystem(python kactlprocessor.py -i "../content/various/TernarySearch.cpp" -o
 kactl.tmp )...executed.

(kactl.tmp)
runsystem(rd -f kactl.tmp)...executed.

runsystem(python kactlprocessor.py -i "../content/various/matFastPow.cpp" -o ka
ctl.tmp )...executed.

 (kactl.tmp
Underfull \hbox (badness 10000) in paragraph at lines 4--4
\OT1/cmr/bx/n/7 Description: \OT1/cmr/m/n/7 Fast-Pow of any size (square) ma-tr
ix given as
 []

)
runsystem(rd -f kactl.tmp)...executed.

runsystem(python kactlprocessor.py -i "../content/various/BITRange.cpp" -o kact
l.tmp )...executed.

 (kactl.tmp)
runsystem(rd -f kactl.tmp)...executed.

runsystem(python kactlprocessor.py -i "../content/various/NextPermutation.cpp" 
-o kactl.tmp )...executed.

 (kactl.tmp)
runsystem(rd -f kactl.tmp)...executed.

runsystem(python kactlprocessor.py -i "../content/various/VeniceTechnique.cpp" 
-o kactl.tmp )...executed.

 (kactl.tmp
runsystem(python kactlprocessor.py --print-header "|VeniceTechnique.cpp" -o hea
der2.tmp)...executed.

 (header2.tmp) [20])
runsystem(rd -f kactl.tmp)...executed.

runsystem(python kactlprocessor.py -i "../content/various/StableMarriageProblem
.cpp" -o kactl.tmp )...executed.

 (kactl.tmp)
runsystem(rd -f kactl.tmp)...executed.

runsystem(python kactlprocessor.py -i "../content/various/LinearDionphanatic.cp
p" -o kactl.tmp )...executed.

 (kactl.tmp)
runsystem(rd -f kactl.tmp)...executed.

runsystem(python kactlprocessor.py -i "../content/various/Simplex.h" -o kactl.t
mp )...executed.

 (kactl.tmp
runsystem(python kactlprocessor.py --print-header "Simplex.h|Simplex.h" -o head
er2.tmp)...executed.

 (header2.tmp) [21])
runsystem(rd -f kactl.tmp)...executed.

runsystem(python kactlprocessor.py -i "../content/various/Tridiagonal.h" -o kac
tl.tmp )...executed.

 (kactl.tmp)
runsystem(rd -f kactl.tmp)...executed.

runsystem(python kactlprocessor.py -i "../content/various/DPKnapsack01.java" -o
 kactl.tmp )...executed.

 (kactl.tmp)
runsystem(rd -f kactl.tmp)...executed.

runsystem(python kactlprocessor.py -i "../content/various/DigitCountDP.cpp" -o 
kactl.tmp )...executed.

 (kactl.tmp)
runsystem(rd -f kactl.tmp)...executed.

runsystem(python kactlprocessor.py -i "../content/various/EditDistance.cpp" -o 
kactl.tmp )...executed.

 (kactl.tmp)
runsystem(rd -f kactl.tmp)...executed.

runsystem(python kactlprocessor.py -i "../content/various/LCS.cpp" -o kactl.tmp
 )...executed.

 (kactl.tmp
runsystem(python kactlprocessor.py --print-header "LCS.cpp|LCS.cpp" -o header2.
tmp)...executed.

 (header2.tmp) [22])
runsystem(rd -f kactl.tmp)...executed.

runsystem(python kactlprocessor.py -i "../content/various/MatrixChainMultiplica
tion.cpp" -o kactl.tmp )...executed.

 (kactl.tmp)
runsystem(rd -f kactl.tmp)...executed.

runsystem(python kactlprocessor.py -i "../content/various/PalindromeString.cpp"
 -o kactl.tmp )...executed.

 (kactl.tmp)
runsystem(rd -f kactl.tmp)...executed.

runsystem(python kactlprocessor.py -i "../content/various/LongestIncreasingSubS
eq.java" -o kactl.tmp )...executed.

 (kactl.tmp)
runsystem(rd -f kactl.tmp)...executed.

runsystem(python kactlprocessor.py -i "../content/various/PartitionsInteger.cpp
" -o kactl.tmp )...executed.

 (kactl.tmp)
runsystem(rd -f kactl.tmp)...executed.

runsystem(python kactlprocessor.py -i "../content/various/LongestIncrCommonSubS
eq.java" -o kactl.tmp )...executed.

 (kactl.tmp
runsystem(python kactlprocessor.py --print-header "LongestIncrCommonSubSeq.java
|LongestIncrCommonSubSeq.java" -o header2.tmp)...executed.

 (header2.tmp) [23])
runsystem(rd -f kactl.tmp)...executed.

runsystem(python kactlprocessor.py -i "../content/various/GameTheoryXOR.java" -
o kactl.tmp )...executed.

 (kactl.tmp)
runsystem(rd -f kactl.tmp)...executed.

runsystem(python kactlprocessor.py -i "../content/various/hanoi.cpp" -o kactl.t
mp )...executed.

 (kactl.tmp)
runsystem(rd -f kactl.tmp)...executed.

runsystem(python kactlprocessor.py -i "../content/various/JosephusProblem.cpp" 
-o kactl.tmp )...executed.

 (kactl.tmp)
runsystem(rd -f kactl.tmp)...executed.

runsystem(python kactlprocessor.py -i "../content/various/BellManFord.cpp" -o k
actl.tmp )...executed.

 (kactl.tmp
runsystem(python kactlprocessor.py --print-header "BellManFord.cpp|BellManFord.
cpp" -o header2.tmp)...executed.

(header2.tmp) [24])
runsystem(rd -f kactl.tmp)...executed.

runsystem(python kactlprocessor.py -i "../content/various/BinarySearch.cpp" -o 
kactl.tmp )...executed.

 (kactl.tmp)
runsystem(rd -f kactl.tmp)...executed.

runsystem(python kactlprocessor.py -i "../content/various/CountingInversionswit
hBIT.cpp" -o kactl.tmp )...executed.

 (kactl.tmp)
runsystem(rd -f kactl.tmp)...executed.

runsystem(python kactlprocessor.py -i "../content/various/matrixSum.cpp" -o kac
tl.tmp )...executed.

 (kactl.tmp)
runsystem(rd -f kactl.tmp)...executed.

runsystem(python kactlprocessor.py -i "../content/various/techniques.txt" -o ka
ctl.tmp -l raw)...executed.

 (kactl.tmp))
runsystem(python kactlprocessor.py --print-header "techniques.txt|techniques.tx
t" -o header2.tmp)...executed.


(header2.tmp) [25]
\tf@ptc=\write3
\openout3 = `URJC.ptc'.

runsystem(rm -f header.tmp)...executed.

runsystem(rm -f header2.tmp)...executed.

runsystem(rm -f kactl.tmp)...executed.

 (URJC.aux) ) 
Here is how much of TeX's memory you used:
 9840 strings out of 492945
 140086 string characters out of 3126252
 1085408 words of memory out of 3000000
 13239 multiletter control sequences out of 15000+200000
 9704 words of font info for 39 fonts, out of 3000000 for 9000
 1141 hyphenation exceptions out of 8191
 44i,12n,60p,853b,1986s stack positions out of 5000i,500n,10000p,200000b,50000s
{C:/Users/Isaac/AppData/Local/Programs/MiKTeX 2.9/fonts/enc/dvips/
base/8r.enc}<C:/Users/Isaac/AppData/Local/Programs/MiKTeX 2.9/fonts/type1/publi
c/amsfonts/cm/cmbx10.pfb><C:/Users/Isaac/AppData/Local/Programs/MiKTeX 2.9/font
s/type1/public/amsfonts/cm/cmbx12.pfb><C:/Users/Isaac/AppData/Local/Programs/Mi
KTeX 2.9/fonts/type1/public/amsfonts/cm/cmbx7.pfb><C:/Users/Isaac/AppData/Local
/Programs/MiKTeX 2.9/fonts/type1/public/amsfonts/cm/cmex10.pfb><C:/Users/Isaac/
AppData/Local/Programs/MiKTeX 2.9/fonts/type1/public/amsfonts/cmextra/cmex7.pfb
><C:/Users/Isaac/AppData/Local/Programs/MiKTeX 2.9/fonts/type1/public/amsfonts/
cm/cmmi10.pfb><C:/Users/Isaac/AppData/Local/Programs/MiKTeX 2.9/fonts/type1/pub
lic/amsfonts/cm/cmmi5.pfb><C:/Users/Isaac/AppData/Local/Programs/MiKTeX 2.9/fon
ts/type1/public/amsfonts/cm/cmmi7.pfb><C:/Users/Isaac/AppData/Local/Programs/Mi
KTeX 2.9/fonts/type1/public/amsfonts/cm/cmr10.pfb><C:/Users/Isaac/AppData/Local
/Programs/MiKTeX 2.9/fonts/type1/public/amsfonts/cm/cmr12.pfb><C:/Users/Isaac/A
ppData/Local/Programs/MiKTeX 2.9/fonts/type1/public/amsfonts/cm/cmr17.pfb><C:/U
sers/Isaac/AppData/Local/Programs/MiKTeX 2.9/fonts/type1/public/amsfonts/cm/cmr
5.pfb><C:/Users/Isaac/AppData/Local/Programs/MiKTeX 2.9/fonts/type1/public/amsf
onts/cm/cmr7.pfb><C:/Users/Isaac/AppData/Local/Programs/MiKTeX 2.9/fonts/type1/
public/amsfonts/cm/cmsy10.pfb><C:/Users/Isaac/AppData/Local/Programs/MiKTeX 2.9
/fonts/type1/public/amsfonts/cm/cmsy5.pfb><C:/Users/Isaac/AppData/Local/Program
s/MiKTeX 2.9/fonts/type1/public/amsfonts/cm/cmsy7.pfb><C:/Users/Isaac/AppData/L
ocal/Programs/MiKTeX 2.9/fonts/type1/public/amsfonts/symbols/msbm10.pfb><C:/Use
rs/Isaac/AppData/Local/Programs/MiKTeX 2.9/fonts/type1/public/amsfonts/symbols/
msbm7.pfb><C:/Users/Isaac/AppData/Local/Programs/MiKTeX 2.9/fonts/type1/urw/cou
rier/ucrr8a.pfb>
Output written on URJC.pdf (26 pages, 2418278 bytes).
PDF statistics:
 474 PDF objects out of 1000 (max. 8388607)
 0 named destinations out of 1000 (max. 500000)
 56 words of extra memory for PDF output out of 10000 (max. 10000000)

